This file contains any messages produced by compilers while
running configure, to aid debugging if configure makes a mistake.

It was created by configure, which was
generated by GNU Autoconf 2.69.  Invocation command line was

  $ ./configure 

## --------- ##
## Platform. ##
## --------- ##

hostname = ebmacbook.lan
uname -m = arm64
uname -r = 23.0.0
uname -s = Darwin
uname -v = Darwin Kernel Version 23.0.0: Fri Sep 15 14:41:34 PDT 2023; root:xnu-10002.1.13~1/RELEASE_ARM64_T8103

/usr/bin/uname -p = arm
/bin/uname -X     = unknown

/bin/arch              = unknown
/usr/bin/arch -k       = unknown
/usr/convex/getsysinfo = unknown
/usr/bin/hostinfo      = Mach kernel version:
	 Darwin Kernel Version 23.0.0: Fri Sep 15 14:41:34 PDT 2023; root:xnu-10002.1.13~1/RELEASE_ARM64_T8103
Kernel configured for up to 8 processors.
8 processors are physically available.
8 processors are logically available.
Processor type: arm64e (ARM64E)
Processors active: 0 1 2 3 4 5 6 7
Primary memory available: 8.00 gigabytes
Default processor set: 746 tasks, 5255 threads, 8 processors
Load average: 1.49, Mach factor: 6.50
/bin/machine           = unknown
/usr/bin/oslevel       = unknown
/bin/universe          = unknown

PATH: /Users/coolcoder613/.modular/pkg/packages.modular.com_mojo/bin
PATH: /opt/local/bin
PATH: /opt/local/sbin
PATH: /Library/Frameworks/Python.framework/Versions/3.10/bin
PATH: /opt/homebrew/opt/llvm/bin
PATH: /Users/coolcoder613/.wasmtime/bin
PATH: /Users/coolcoder613/.cargo/bin
PATH: /opt/homebrew/bin
PATH: /opt/homebrew/sbin
PATH: /Users/coolcoder613/.modular/pkg/packages.modular.com_mojo/bin
PATH: /usr/bin
PATH: /bin
PATH: .
PATH: /usr/sbin
PATH: /sbin
PATH: /opt/homebrew/Cellar/binutils/2.40/bin/
PATH: /opt/vagrant/bin
PATH: /usr/local/bin/


## ----------- ##
## Core tests. ##
## ----------- ##

configure:2152: checking build system type
configure:2166: result: arm-apple-darwin23.0.0
configure:2186: checking host system type
configure:2199: result: arm-apple-darwin23.0.0
configure:2296: checking for gcc
configure:2323: result: clang
configure:2552: checking for C compiler version
configure:2561: clang --version >&5
Homebrew clang version 16.0.6
Target: arm64-apple-darwin23.0.0
Thread model: posix
InstalledDir: /opt/homebrew/opt/llvm/bin
configure:2572: $? = 0
configure:2561: clang -v >&5
Homebrew clang version 16.0.6
Target: arm64-apple-darwin23.0.0
Thread model: posix
InstalledDir: /opt/homebrew/opt/llvm/bin
configure:2572: $? = 0
configure:2561: clang -V >&5
clang-16: error: argument to '-V' is missing (expected 1 value)
clang-16: error: no input files
configure:2572: $? = 1
configure:2561: clang -qversion >&5
clang-16: error: unknown argument '-qversion'; did you mean '--version'?
clang-16: error: no input files
configure:2572: $? = 1
configure:2592: checking whether the C compiler works
configure:2614: clang -Oz  -s -flto conftest.c  >&5
ld: warning: -s is obsolete
ld: warning: -s is obsolete
configure:2618: $? = 0
configure:2666: result: yes
configure:2669: checking for C compiler default output file name
configure:2671: result: a.out
configure:2677: checking for suffix of executables
configure:2684: clang -o conftest -Oz  -s -flto conftest.c  >&5
ld: warning: -s is obsolete
ld: warning: -s is obsolete
configure:2688: $? = 0
configure:2710: result: 
configure:2732: checking whether we are cross compiling
configure:2740: clang -o conftest -Oz  -s -flto conftest.c  >&5
ld: warning: -s is obsolete
ld: warning: -s is obsolete
configure:2744: $? = 0
configure:2751: ./conftest
configure:2755: $? = 0
configure:2770: result: no
configure:2775: checking for suffix of object files
configure:2797: clang -c -Oz  conftest.c >&5
configure:2801: $? = 0
configure:2822: result: o
configure:2826: checking whether we are using the GNU C compiler
configure:2845: clang -c -Oz  conftest.c >&5
configure:2845: $? = 0
configure:2854: result: yes
configure:2863: checking whether clang accepts -g
configure:2883: clang -c -g  conftest.c >&5
configure:2883: $? = 0
configure:2924: result: yes
configure:2941: checking for clang option to accept ISO C89
configure:3004: clang  -c -Oz  conftest.c >&5
conftest.c:15:14: warning: a function definition without a prototype is deprecated in all versions of C and is not supported in C2x [-Wdeprecated-non-prototype]
static char *e (p, i)
             ^
1 warning generated.
configure:3004: $? = 0
configure:3017: result: none needed
configure:3089: checking for ranlib
configure:3105: found /usr/bin/ranlib
configure:3116: result: ranlib
configure:3145: checking how to run the C preprocessor
configure:3176: clang -E  conftest.c
configure:3176: $? = 0
configure:3190: clang -E  conftest.c
conftest.c:9:10: fatal error: 'ac_nonexistent.h' file not found
#include <ac_nonexistent.h>
         ^~~~~~~~~~~~~~~~~~
1 error generated.
configure:3190: $? = 1
configure: failed program was:
| /* confdefs.h */
| #define PACKAGE_NAME ""
| #define PACKAGE_TARNAME ""
| #define PACKAGE_VERSION ""
| #define PACKAGE_STRING ""
| #define PACKAGE_BUGREPORT ""
| #define PACKAGE_URL ""
| /* end confdefs.h.  */
| #include <ac_nonexistent.h>
configure:3215: result: clang -E
configure:3235: clang -E  conftest.c
configure:3235: $? = 0
configure:3249: clang -E  conftest.c
conftest.c:9:10: fatal error: 'ac_nonexistent.h' file not found
#include <ac_nonexistent.h>
         ^~~~~~~~~~~~~~~~~~
1 error generated.
configure:3249: $? = 1
configure: failed program was:
| /* confdefs.h */
| #define PACKAGE_NAME ""
| #define PACKAGE_TARNAME ""
| #define PACKAGE_VERSION ""
| #define PACKAGE_STRING ""
| #define PACKAGE_BUGREPORT ""
| #define PACKAGE_URL ""
| /* end confdefs.h.  */
| #include <ac_nonexistent.h>
configure:3278: checking for grep that handles long lines and -e
configure:3336: result: /opt/homebrew/bin/ggrep
configure:3341: checking for egrep
configure:3403: result: /opt/homebrew/bin/ggrep -E
configure:3408: checking for ANSI C header files
configure:3428: clang -c -Oz -pipe -Wall -Wshadow -Wbad-function-cast -Wmissing-prototypes -Wstrict-prototypes -Wcast-align -Wcast-qual -Wpointer-arith -Wwrite-strings -Wmissing-declarations -Wnested-externs -Wundef -pedantic -fno-common  conftest.c >&5
conftest.c:15:6: warning: a function declaration without a prototype is deprecated in all versions of C [-Wstrict-prototypes]
main ()
     ^
      void
1 warning generated.
configure:3428: $? = 0
configure:3501: clang -o conftest -Oz -pipe -Wall -Wshadow -Wbad-function-cast -Wmissing-prototypes -Wstrict-prototypes -Wcast-align -Wcast-qual -Wpointer-arith -Wwrite-strings -Wmissing-declarations -Wnested-externs -Wundef -pedantic -fno-common  -s -flto -g conftest.c  >&5
conftest.c:21:6: warning: a function declaration without a prototype is deprecated in all versions of C [-Wstrict-prototypes]
main ()
     ^
      void
1 warning generated.
ld: warning: -s is obsolete
ld: warning: -s is obsolete
warning: no debug symbols in executable (-arch arm64)
configure:3501: $? = 0
configure:3501: ./conftest
configure:3501: $? = 0
configure:3512: result: yes
configure:3525: checking for sys/types.h
configure:3525: clang -c -Oz -pipe -Wall -Wshadow -Wbad-function-cast -Wmissing-prototypes -Wstrict-prototypes -Wcast-align -Wcast-qual -Wpointer-arith -Wwrite-strings -Wmissing-declarations -Wnested-externs -Wundef -pedantic -fno-common  conftest.c >&5
configure:3525: $? = 0
configure:3525: result: yes
configure:3525: checking for sys/stat.h
configure:3525: clang -c -Oz -pipe -Wall -Wshadow -Wbad-function-cast -Wmissing-prototypes -Wstrict-prototypes -Wcast-align -Wcast-qual -Wpointer-arith -Wwrite-strings -Wmissing-declarations -Wnested-externs -Wundef -pedantic -fno-common  conftest.c >&5
configure:3525: $? = 0
configure:3525: result: yes
configure:3525: checking for stdlib.h
configure:3525: clang -c -Oz -pipe -Wall -Wshadow -Wbad-function-cast -Wmissing-prototypes -Wstrict-prototypes -Wcast-align -Wcast-qual -Wpointer-arith -Wwrite-strings -Wmissing-declarations -Wnested-externs -Wundef -pedantic -fno-common  conftest.c >&5
configure:3525: $? = 0
configure:3525: result: yes
configure:3525: checking for string.h
configure:3525: clang -c -Oz -pipe -Wall -Wshadow -Wbad-function-cast -Wmissing-prototypes -Wstrict-prototypes -Wcast-align -Wcast-qual -Wpointer-arith -Wwrite-strings -Wmissing-declarations -Wnested-externs -Wundef -pedantic -fno-common  conftest.c >&5
configure:3525: $? = 0
configure:3525: result: yes
configure:3525: checking for memory.h
configure:3525: clang -c -Oz -pipe -Wall -Wshadow -Wbad-function-cast -Wmissing-prototypes -Wstrict-prototypes -Wcast-align -Wcast-qual -Wpointer-arith -Wwrite-strings -Wmissing-declarations -Wnested-externs -Wundef -pedantic -fno-common  conftest.c >&5
configure:3525: $? = 0
configure:3525: result: yes
configure:3525: checking for strings.h
configure:3525: clang -c -Oz -pipe -Wall -Wshadow -Wbad-function-cast -Wmissing-prototypes -Wstrict-prototypes -Wcast-align -Wcast-qual -Wpointer-arith -Wwrite-strings -Wmissing-declarations -Wnested-externs -Wundef -pedantic -fno-common  conftest.c >&5
configure:3525: $? = 0
configure:3525: result: yes
configure:3525: checking for inttypes.h
configure:3525: clang -c -Oz -pipe -Wall -Wshadow -Wbad-function-cast -Wmissing-prototypes -Wstrict-prototypes -Wcast-align -Wcast-qual -Wpointer-arith -Wwrite-strings -Wmissing-declarations -Wnested-externs -Wundef -pedantic -fno-common  conftest.c >&5
configure:3525: $? = 0
configure:3525: result: yes
configure:3525: checking for stdint.h
configure:3525: clang -c -Oz -pipe -Wall -Wshadow -Wbad-function-cast -Wmissing-prototypes -Wstrict-prototypes -Wcast-align -Wcast-qual -Wpointer-arith -Wwrite-strings -Wmissing-declarations -Wnested-externs -Wundef -pedantic -fno-common  conftest.c >&5
configure:3525: $? = 0
configure:3525: result: yes
configure:3525: checking for unistd.h
configure:3525: clang -c -Oz -pipe -Wall -Wshadow -Wbad-function-cast -Wmissing-prototypes -Wstrict-prototypes -Wcast-align -Wcast-qual -Wpointer-arith -Wwrite-strings -Wmissing-declarations -Wnested-externs -Wundef -pedantic -fno-common  conftest.c >&5
configure:3525: $? = 0
configure:3525: result: yes
configure:3539: checking termcap.h usability
configure:3539: clang -c -Oz -pipe -Wall -Wshadow -Wbad-function-cast -Wmissing-prototypes -Wstrict-prototypes -Wcast-align -Wcast-qual -Wpointer-arith -Wwrite-strings -Wmissing-declarations -Wnested-externs -Wundef -pedantic -fno-common  conftest.c >&5
configure:3539: $? = 0
configure:3539: result: yes
configure:3539: checking termcap.h presence
configure:3539: clang -E  conftest.c
configure:3539: $? = 0
configure:3539: result: yes
configure:3539: checking for termcap.h
configure:3539: result: yes
configure:3564: checking for tputs return type
configure:3584: clang -c -Oz -pipe -Wall -Wshadow -Wbad-function-cast -Wmissing-prototypes -Wstrict-prototypes -Wcast-align -Wcast-qual -Wpointer-arith -Wwrite-strings -Wmissing-declarations -Wnested-externs -Wundef -pedantic -fno-common  conftest.c >&5
conftest.c:28:6: warning: a function declaration without a prototype is deprecated in all versions of C [-Wstrict-prototypes]
main ()
     ^
      void
1 warning generated.
configure:3584: $? = 0
configure:3585: result: int
configure:3594: checking for fmod
configure:3594: clang -o conftest -Oz -pipe -Wall -Wshadow -Wbad-function-cast -Wmissing-prototypes -Wstrict-prototypes -Wcast-align -Wcast-qual -Wpointer-arith -Wwrite-strings -Wmissing-declarations -Wnested-externs -Wundef -pedantic -fno-common  -s -flto -g conftest.c  >&5
conftest.c:43:11: warning: a function declaration without a prototype is deprecated in all versions of C [-Wstrict-prototypes]
char fmod ();
          ^
           void
conftest.c:43:6: warning: incompatible redeclaration of library function 'fmod' [-Wincompatible-library-redeclaration]
char fmod ();
     ^
conftest.c:43:6: note: 'fmod' is a builtin with type 'double (double, double)'
conftest.c:52:6: warning: a function declaration without a prototype is deprecated in all versions of C [-Wstrict-prototypes]
main ()
     ^
      void
3 warnings generated.
ld: warning: -s is obsolete
ld: warning: -s is obsolete
warning: no debug symbols in executable (-arch arm64)
configure:3594: $? = 0
configure:3594: result: yes
configure:3650: checking tgmath.h usability
configure:3650: clang -c -Oz -pipe -Wall -Wshadow -Wbad-function-cast -Wmissing-prototypes -Wstrict-prototypes -Wcast-align -Wcast-qual -Wpointer-arith -Wwrite-strings -Wmissing-declarations -Wnested-externs -Wundef -pedantic -fno-common  conftest.c >&5
configure:3650: $? = 0
configure:3650: result: yes
configure:3650: checking tgmath.h presence
configure:3650: clang -E  conftest.c
configure:3650: $? = 0
configure:3650: result: yes
configure:3650: checking for tgmath.h
configure:3650: result: yes
configure:3662: checking for lrint
configure:3662: clang -o conftest -Oz -pipe -Wall -Wshadow -Wbad-function-cast -Wmissing-prototypes -Wstrict-prototypes -Wcast-align -Wcast-qual -Wpointer-arith -Wwrite-strings -Wmissing-declarations -Wnested-externs -Wundef -pedantic -fno-common  -s -flto -g conftest.c  >&5
conftest.c:44:12: warning: a function declaration without a prototype is deprecated in all versions of C [-Wstrict-prototypes]
char lrint ();
           ^
            void
conftest.c:44:6: warning: incompatible redeclaration of library function 'lrint' [-Wincompatible-library-redeclaration]
char lrint ();
     ^
conftest.c:44:6: note: 'lrint' is a builtin with type 'long (double)'
conftest.c:53:6: warning: a function declaration without a prototype is deprecated in all versions of C [-Wstrict-prototypes]
main ()
     ^
      void
3 warnings generated.
ld: warning: -s is obsolete
ld: warning: -s is obsolete
warning: no debug symbols in executable (-arch arm64)
configure:3662: $? = 0
configure:3662: result: yes
configure:3673: checking for nanosleep
configure:3673: clang -o conftest -Oz -pipe -Wall -Wshadow -Wbad-function-cast -Wmissing-prototypes -Wstrict-prototypes -Wcast-align -Wcast-qual -Wpointer-arith -Wwrite-strings -Wmissing-declarations -Wnested-externs -Wundef -pedantic -fno-common  -s -flto -g conftest.c  >&5
conftest.c:45:16: warning: a function declaration without a prototype is deprecated in all versions of C [-Wstrict-prototypes]
char nanosleep ();
               ^
                void
conftest.c:54:6: warning: a function declaration without a prototype is deprecated in all versions of C [-Wstrict-prototypes]
main ()
     ^
      void
2 warnings generated.
ld: warning: -s is obsolete
ld: warning: -s is obsolete
warning: no debug symbols in executable (-arch arm64)
configure:3673: $? = 0
configure:3673: result: yes
configure:3685: checking for tgetent
configure:3685: clang -o conftest -Oz -pipe -Wall -Wshadow -Wbad-function-cast -Wmissing-prototypes -Wstrict-prototypes -Wcast-align -Wcast-qual -Wpointer-arith -Wwrite-strings -Wmissing-declarations -Wnested-externs -Wundef -pedantic -fno-common  -s -flto -g conftest.c  >&5
conftest.c:46:14: warning: a function declaration without a prototype is deprecated in all versions of C [-Wstrict-prototypes]
char tgetent ();
             ^
              void
conftest.c:55:6: warning: a function declaration without a prototype is deprecated in all versions of C [-Wstrict-prototypes]
main ()
     ^
      void
2 warnings generated.
ld: warning: -s is obsolete
ld: warning: -s is obsolete
ld: Undefined symbols:
  _tgetent, referenced from:
      _main in cc-ad6527.o
clang-16: error: linker command failed with exit code 1 (use -v to see invocation)
configure:3685: $? = 1
configure: failed program was:
| /* confdefs.h */
| #define PACKAGE_NAME ""
| #define PACKAGE_TARNAME ""
| #define PACKAGE_VERSION ""
| #define PACKAGE_STRING ""
| #define PACKAGE_BUGREPORT ""
| #define PACKAGE_URL ""
| #define STDC_HEADERS 1
| #define HAVE_SYS_TYPES_H 1
| #define HAVE_SYS_STAT_H 1
| #define HAVE_STDLIB_H 1
| #define HAVE_STRING_H 1
| #define HAVE_MEMORY_H 1
| #define HAVE_STRINGS_H 1
| #define HAVE_INTTYPES_H 1
| #define HAVE_STDINT_H 1
| #define HAVE_UNISTD_H 1
| #define HAVE_TERMCAP_H 1
| #define HAVE_TGMATH_H 1
| #define HAVE_LRINT 1
| #define HAVE_NANOSLEEP 1
| /* end confdefs.h.  */
| /* Define tgetent to an innocuous variant, in case <limits.h> declares tgetent.
|    For example, HP-UX 11i <limits.h> declares gettimeofday.  */
| #define tgetent innocuous_tgetent
| 
| /* System header to define __stub macros and hopefully few prototypes,
|     which can conflict with char tgetent (); below.
|     Prefer <limits.h> to <assert.h> if __STDC__ is defined, since
|     <limits.h> exists even on freestanding compilers.  */
| 
| #ifdef __STDC__
| # include <limits.h>
| #else
| # include <assert.h>
| #endif
| 
| #undef tgetent
| 
| /* Override any GCC internal prototype to avoid an error.
|    Use char because int might match the return type of a GCC
|    builtin and then its argument prototype would still apply.  */
| #ifdef __cplusplus
| extern "C"
| #endif
| char tgetent ();
| /* The GNU C library defines this for functions which it implements
|     to always fail with ENOSYS.  Some functions are actually named
|     something starting with __ and the normal name is an alias.  */
| #if defined __stub_tgetent || defined __stub___tgetent
| choke me
| #endif
| 
| int
| main ()
| {
| return tgetent ();
|   ;
|   return 0;
| }
configure:3685: result: no
configure:3695: checking for tgetent in -lcurses
configure:3720: clang -o conftest -Oz -pipe -Wall -Wshadow -Wbad-function-cast -Wmissing-prototypes -Wstrict-prototypes -Wcast-align -Wcast-qual -Wpointer-arith -Wwrite-strings -Wmissing-declarations -Wnested-externs -Wundef -pedantic -fno-common  -s -flto -g conftest.c -lcurses   >&5
conftest.c:30:14: warning: a function declaration without a prototype is deprecated in all versions of C [-Wstrict-prototypes]
char tgetent ();
             ^
              void
conftest.c:32:6: warning: a function declaration without a prototype is deprecated in all versions of C [-Wstrict-prototypes]
main ()
     ^
      void
2 warnings generated.
ld: warning: -s is obsolete
ld: warning: -s is obsolete
warning: no debug symbols in executable (-arch arm64)
configure:3720: $? = 0
configure:3729: result: yes
configure:3856: checking whether to use LR0 parser
configure:3874: result: no
configure:3883: checking for msgfmt
configure:3899: found /opt/local/bin/msgfmt
configure:3911: result: yes
configure:3923: checking libintl.h usability
configure:3923: clang -c -Oz -pipe -Wall -Wshadow -Wbad-function-cast -Wmissing-prototypes -Wstrict-prototypes -Wcast-align -Wcast-qual -Wpointer-arith -Wwrite-strings -Wmissing-declarations -Wnested-externs -Wundef -pedantic -fno-common  conftest.c >&5
conftest.c:57:10: fatal error: 'libintl.h' file not found
#include <libintl.h>
         ^~~~~~~~~~~
1 error generated.
configure:3923: $? = 1
configure: failed program was:
| /* confdefs.h */
| #define PACKAGE_NAME ""
| #define PACKAGE_TARNAME ""
| #define PACKAGE_VERSION ""
| #define PACKAGE_STRING ""
| #define PACKAGE_BUGREPORT ""
| #define PACKAGE_URL ""
| #define STDC_HEADERS 1
| #define HAVE_SYS_TYPES_H 1
| #define HAVE_SYS_STAT_H 1
| #define HAVE_STDLIB_H 1
| #define HAVE_STRING_H 1
| #define HAVE_MEMORY_H 1
| #define HAVE_STRINGS_H 1
| #define HAVE_INTTYPES_H 1
| #define HAVE_STDINT_H 1
| #define HAVE_UNISTD_H 1
| #define HAVE_TERMCAP_H 1
| #define HAVE_TGMATH_H 1
| #define HAVE_LRINT 1
| #define HAVE_NANOSLEEP 1
| #define HAVE_TGETENT 1
| /* end confdefs.h.  */
| #include <stdio.h>
| #ifdef HAVE_SYS_TYPES_H
| # include <sys/types.h>
| #endif
| #ifdef HAVE_SYS_STAT_H
| # include <sys/stat.h>
| #endif
| #ifdef STDC_HEADERS
| # include <stdlib.h>
| # include <stddef.h>
| #else
| # ifdef HAVE_STDLIB_H
| #  include <stdlib.h>
| # endif
| #endif
| #ifdef HAVE_STRING_H
| # if !defined STDC_HEADERS && defined HAVE_MEMORY_H
| #  include <memory.h>
| # endif
| # include <string.h>
| #endif
| #ifdef HAVE_STRINGS_H
| # include <strings.h>
| #endif
| #ifdef HAVE_INTTYPES_H
| # include <inttypes.h>
| #endif
| #ifdef HAVE_STDINT_H
| # include <stdint.h>
| #endif
| #ifdef HAVE_UNISTD_H
| # include <unistd.h>
| #endif
| #include <libintl.h>
configure:3923: result: no
configure:3923: checking libintl.h presence
configure:3923: clang -E  conftest.c
conftest.c:24:10: fatal error: 'libintl.h' file not found
#include <libintl.h>
         ^~~~~~~~~~~
1 error generated.
configure:3923: $? = 1
configure: failed program was:
| /* confdefs.h */
| #define PACKAGE_NAME ""
| #define PACKAGE_TARNAME ""
| #define PACKAGE_VERSION ""
| #define PACKAGE_STRING ""
| #define PACKAGE_BUGREPORT ""
| #define PACKAGE_URL ""
| #define STDC_HEADERS 1
| #define HAVE_SYS_TYPES_H 1
| #define HAVE_SYS_STAT_H 1
| #define HAVE_STDLIB_H 1
| #define HAVE_STRING_H 1
| #define HAVE_MEMORY_H 1
| #define HAVE_STRINGS_H 1
| #define HAVE_INTTYPES_H 1
| #define HAVE_STDINT_H 1
| #define HAVE_UNISTD_H 1
| #define HAVE_TERMCAP_H 1
| #define HAVE_TGMATH_H 1
| #define HAVE_LRINT 1
| #define HAVE_NANOSLEEP 1
| #define HAVE_TGETENT 1
| /* end confdefs.h.  */
| #include <libintl.h>
configure:3923: result: no
configure:3923: checking for libintl.h
configure:3923: result: no
configure:4002: checking for special C compiler options needed for large files
configure:4047: result: no
configure:4053: checking for _FILE_OFFSET_BITS value needed for large files
configure:4078: clang -c -Oz -pipe -Wall -Wshadow -Wbad-function-cast -Wmissing-prototypes -Wstrict-prototypes -Wcast-align -Wcast-qual -Wpointer-arith -Wwrite-strings -Wmissing-declarations -Wnested-externs -Wundef -pedantic -fno-common  conftest.c >&5
conftest.c:34:6: warning: a function declaration without a prototype is deprecated in all versions of C [-Wstrict-prototypes]
main ()
     ^
      void
1 warning generated.
configure:4078: $? = 0
configure:4110: result: no
configure:4210: checking for a BSD-compatible install
configure:4278: result: /opt/homebrew/bin/ginstall -c
configure:4413: creating ./config.status

## ---------------------- ##
## Running config.status. ##
## ---------------------- ##

This file was extended by config.status, which was
generated by GNU Autoconf 2.69.  Invocation command line was

  CONFIG_FILES    = 
  CONFIG_HEADERS  = 
  CONFIG_LINKS    = 
  CONFIG_COMMANDS = 
  $ ./config.status 

on ebmacbook.lan

config.status:824: creating Makefile
config.status:824: creating bas.1
config.status:824: creating test/runbas
config.status:824: creating config.h
config.status:999: config.h is unchanged

## ---------------- ##
## Cache variables. ##
## ---------------- ##

ac_cv_build=arm-apple-darwin23.0.0
ac_cv_c_compiler_gnu=yes
ac_cv_env_CC_set=set
ac_cv_env_CC_value=clang
ac_cv_env_CFLAGS_set=set
ac_cv_env_CFLAGS_value=-Oz
ac_cv_env_CPPFLAGS_set=
ac_cv_env_CPPFLAGS_value=
ac_cv_env_CPP_set=
ac_cv_env_CPP_value=
ac_cv_env_LDFLAGS_set=set
ac_cv_env_LDFLAGS_value='-s -flto'
ac_cv_env_LIBS_set=
ac_cv_env_LIBS_value=
ac_cv_env_build_alias_set=
ac_cv_env_build_alias_value=
ac_cv_env_host_alias_set=
ac_cv_env_host_alias_value=
ac_cv_env_target_alias_set=
ac_cv_env_target_alias_value=
ac_cv_func_fmod=yes
ac_cv_func_lrint=yes
ac_cv_func_nanosleep=yes
ac_cv_func_tgetent=no
ac_cv_header_inttypes_h=yes
ac_cv_header_libintl_h=no
ac_cv_header_memory_h=yes
ac_cv_header_stdc=yes
ac_cv_header_stdint_h=yes
ac_cv_header_stdlib_h=yes
ac_cv_header_string_h=yes
ac_cv_header_strings_h=yes
ac_cv_header_sys_stat_h=yes
ac_cv_header_sys_types_h=yes
ac_cv_header_termcap_h=yes
ac_cv_header_tgmath_h=yes
ac_cv_header_unistd_h=yes
ac_cv_host=arm-apple-darwin23.0.0
ac_cv_lib_curses_tgetent=yes
ac_cv_objext=o
ac_cv_path_EGREP='/opt/homebrew/bin/ggrep -E'
ac_cv_path_GREP=/opt/homebrew/bin/ggrep
ac_cv_path_install='/opt/homebrew/bin/ginstall -c'
ac_cv_prog_CPP='clang -E'
ac_cv_prog_MSGFMT=yes
ac_cv_prog_ac_ct_CC=clang
ac_cv_prog_ac_ct_RANLIB=ranlib
ac_cv_prog_cc_c89=
ac_cv_prog_cc_g=yes
ac_cv_sys_file_offset_bits=no
ac_cv_sys_largefile_CC=no

## ----------------- ##
## Output variables. ##
## ----------------- ##

CC='clang'
CFLAGS='-Oz -pipe -Wall -Wshadow -Wbad-function-cast -Wmissing-prototypes -Wstrict-prototypes -Wcast-align -Wcast-qual -Wpointer-arith -Wwrite-strings -Wmissing-declarations -Wnested-externs -Wundef -pedantic -fno-common'
CPP='clang -E'
CPPFLAGS=''
DEFS='-DHAVE_CONFIG_H'
ECHO_C='\c'
ECHO_N=''
ECHO_T=''
EGREP='/opt/homebrew/bin/ggrep -E'
EXEEXT=''
GREP='/opt/homebrew/bin/ggrep'
INSTALL_DATA='${INSTALL} -m 644'
INSTALL_PROGRAM='${INSTALL}'
INSTALL_SCRIPT='${INSTALL}'
LDFLAGS='-s -flto -g'
LIBOBJS=''
LIBS='-lcurses '
LTLIBOBJS=''
MSGFMT='yes'
OBJEXT='o'
PACKAGE_BUGREPORT=''
PACKAGE_NAME=''
PACKAGE_STRING=''
PACKAGE_TARNAME=''
PACKAGE_URL=''
PACKAGE_VERSION=''
PATH_SEPARATOR=':'
RANLIB='ranlib'
SHELL='/bin/sh'
UPDATED='October 25, 2014'
USE_NLS='no'
VALGRIND=''
VERSION='2.4'
ac_ct_CC='clang'
bindir='${exec_prefix}/bin'
build='arm-apple-darwin23.0.0'
build_alias=''
build_cpu='arm'
build_os='darwin23.0.0'
build_vendor='apple'
datadir='${datarootdir}'
datarootdir='${prefix}/share'
docdir='${datarootdir}/doc/${PACKAGE}'
dvidir='${docdir}'
exec_prefix='${prefix}'
host='arm-apple-darwin23.0.0'
host_alias=''
host_cpu='arm'
host_os='darwin23.0.0'
host_vendor='apple'
htmldir='${docdir}'
includedir='${prefix}/include'
infodir='${datarootdir}/info'
libdir='${exec_prefix}/lib'
libexecdir='${exec_prefix}/libexec'
localedir='${datarootdir}/locale'
localstatedir='${prefix}/var'
mandir='${datarootdir}/man'
oldincludedir='/usr/include'
pdfdir='${docdir}'
prefix='/usr/local'
program_transform_name='s,x,x,'
psdir='${docdir}'
sbindir='${exec_prefix}/sbin'
sharedstatedir='${prefix}/com'
sysconfdir='${prefix}/etc'
target_alias=''

## ----------- ##
## confdefs.h. ##
## ----------- ##

/* confdefs.h */
#define PACKAGE_NAME ""
#define PACKAGE_TARNAME ""
#define PACKAGE_VERSION ""
#define PACKAGE_STRING ""
#define PACKAGE_BUGREPORT ""
#define PACKAGE_URL ""
#define STDC_HEADERS 1
#define HAVE_SYS_TYPES_H 1
#define HAVE_SYS_STAT_H 1
#define HAVE_STDLIB_H 1
#define HAVE_STRING_H 1
#define HAVE_MEMORY_H 1
#define HAVE_STRINGS_H 1
#define HAVE_INTTYPES_H 1
#define HAVE_STDINT_H 1
#define HAVE_UNISTD_H 1
#define HAVE_TERMCAP_H 1
#define HAVE_TGMATH_H 1
#define HAVE_LRINT 1
#define HAVE_NANOSLEEP 1
#define HAVE_TGETENT 1
#define VERSION "2.4"

configure: exit 0
